# JRE version: Java(TM) SE Runtime Environment (8.0_201-b09) (build 1.8.0_201-b09)
# Java VM: Java HotSpot(TM) 64-Bit Server VM (25.201-b09 mixed mode linux-amd64 compressed oops)
Heap:
 PSYoungGen      total 262656K, used 173483K [0x00000000d7000000, 0x00000000f7100000, 0x0000000100000000)
  eden space 253440K, 67% used [0x00000000d7000000,0x00000000e1605f68,0x00000000e6780000)
  from space 9216K, 37% used [0x00000000e6780000,0x00000000e6ae5030,0x00000000e7080000)
  to   space 9216K, 0% used [0x00000000f6800000,0x00000000f6800000,0x00000000f7100000)
 ParOldGen       total 84992K, used 14663K [0x0000000085000000, 0x000000008a300000, 0x00000000d7000000)
  object space 84992K, 17% used [0x0000000085000000,0x0000000085e51c68,0x000000008a300000)
 Metaspace       used 19845K, capacity 20436K, committed 20608K, reserved 1067008K
  class space    used 2504K, capacity 2669K, committed 2688K, reserved 1048576K
GC Heap History (10 events):
Event: 3,530 GC heap before
{Heap before GC invocations=3 (full 0):
 PSYoungGen      total 68608K, used 67504K [0x00000000d7000000, 0x00000000db800000, 0x0000000100000000)
  eden space 63488K, 98% used [0x00000000d7000000,0x00000000dacf2e30,0x00000000dae00000)
  from space 5120K, 99% used [0x00000000db300000,0x00000000db7f9588,0x00000000db800000)
  to   space 5120K, 0% used [0x00000000dae00000,0x00000000dae00000,0x00000000db300000)
 ParOldGen       total 84992K, used 3858K [0x0000000085000000, 0x000000008a300000, 0x00000000d7000000)
  object space 84992K, 4% used [0x0000000085000000,0x00000000853c4a88,0x000000008a300000)
 Metaspace       used 19092K, capacity 19586K, committed 19840K, reserved 1067008K
  class space    used 2447K, capacity 2584K, committed 2688K, reserved 1048576K
Event: 3,572 GC heap after
Heap after GC invocations=3 (full 0):
 PSYoungGen      total 68608K, used 5029K [0x00000000d7000000, 0x00000000df600000, 0x0000000100000000)
  eden space 63488K, 0% used [0x00000000d7000000,0x00000000d7000000,0x00000000dae00000)
  from space 5120K, 98% used [0x00000000dae00000,0x00000000db2e9598,0x00000000db300000)
  to   space 5120K, 0% used [0x00000000df100000,0x00000000df100000,0x00000000df600000)
 ParOldGen       total 84992K, used 7458K [0x0000000085000000, 0x000000008a300000, 0x00000000d7000000)
  object space 84992K, 8% used [0x0000000085000000,0x0000000085748ab8,0x000000008a300000)
 Metaspace       used 19092K, capacity 19586K, committed 19840K, reserved 1067008K
  class space    used 2447K, capacity 2584K, committed 2688K, reserved 1048576K
}
Event: 4,019 GC heap before
{Heap before GC invocations=4 (full 0):
 PSYoungGen      total 68608K, used 67681K [0x00000000d7000000, 0x00000000df600000, 0x0000000100000000)
  eden space 63488K, 98% used [0x00000000d7000000,0x00000000dad2efe8,0x00000000dae00000)
  from space 5120K, 98% used [0x00000000dae00000,0x00000000db2e9598,0x00000000db300000)
  to   space 5120K, 0% used [0x00000000df100000,0x00000000df100000,0x00000000df600000)
 ParOldGen       total 84992K, used 7458K [0x0000000085000000, 0x000000008a300000, 0x00000000d7000000)
  object space 84992K, 8% used [0x0000000085000000,0x0000000085748ab8,0x000000008a300000)
 Metaspace       used 19122K, capacity 19594K, committed 19840K, reserved 1067008K
  class space    used 2447K, capacity 2584K, committed 2688K, reserved 1048576K
Event: 4,031 GC heap after
Heap after GC invocations=4 (full 0):
 PSYoungGen      total 132096K, used 5045K [0x00000000d7000000, 0x00000000df600000, 0x0000000100000000)
  eden space 126976K, 0% used [0x00000000d7000000,0x00000000d7000000,0x00000000dec00000)
  from space 5120K, 98% used [0x00000000df100000,0x00000000df5ed588,0x00000000df600000)
  to   space 5120K, 0% used [0x00000000dec00000,0x00000000dec00000,0x00000000df100000)
 ParOldGen       total 84992K, used 8366K [0x0000000085000000, 0x000000008a300000, 0x00000000d7000000)
  object space 84992K, 9% used [0x0000000085000000,0x000000008582bac8,0x000000008a300000)
 Metaspace       used 19122K, capacity 19594K, committed 19840K, reserved 1067008K
  class space    used 2447K, capacity 2584K, committed 2688K, reserved 1048576K
}
Event: 4,994 GC heap before
{Heap before GC invocations=5 (full 0):
 PSYoungGen      total 132096K, used 131097K [0x00000000d7000000, 0x00000000df600000, 0x0000000100000000)
  eden space 126976K, 99% used [0x00000000d7000000,0x00000000deb18f58,0x00000000dec00000)
  from space 5120K, 98% used [0x00000000df100000,0x00000000df5ed588,0x00000000df600000)
  to   space 5120K, 0% used [0x00000000dec00000,0x00000000dec00000,0x00000000df100000)
 ParOldGen       total 84992K, used 8366K [0x0000000085000000, 0x000000008a300000, 0x00000000d7000000)
  object space 84992K, 9% used [0x0000000085000000,0x000000008582bac8,0x000000008a300000)
 Metaspace       used 19207K, capacity 19672K, committed 19840K, reserved 1067008K
  class space    used 2452K, capacity 2587K, committed 2688K, reserved 1048576K
Event: 5,001 GC heap after
Heap after GC invocations=5 (full 0):
 PSYoungGen      total 132096K, used 5093K [0x00000000d7000000, 0x00000000e7900000, 0x0000000100000000)
  eden space 126976K, 0% used [0x00000000d7000000,0x00000000d7000000,0x00000000dec00000)
  from space 5120K, 99% used [0x00000000dec00000,0x00000000df0f9578,0x00000000df100000)
  to   space 8704K, 0% used [0x00000000e7080000,0x00000000e7080000,0x00000000e7900000)
 ParOldGen       total 84992K, used 11974K [0x0000000085000000, 0x000000008a300000, 0x00000000d7000000)
  object space 84992K, 14% used [0x0000000085000000,0x0000000085bb1af8,0x000000008a300000)
 Metaspace       used 19207K, capacity 19672K, committed 19840K, reserved 1067008K
  class space    used 2452K, capacity 2587K, committed 2688K, reserved 1048576K
}
Event: 6,001 GC heap before
{Heap before GC invocations=6 (full 0):
 PSYoungGen      total 132096K, used 131898K [0x00000000d7000000, 0x00000000e7900000, 0x0000000100000000)
  eden space 126976K, 99% used [0x00000000d7000000,0x00000000debd5570,0x00000000dec00000)
  from space 5120K, 99% used [0x00000000dec00000,0x00000000df0f9578,0x00000000df100000)
  to   space 8704K, 0% used [0x00000000e7080000,0x00000000e7080000,0x00000000e7900000)
 ParOldGen       total 84992K, used 11974K [0x0000000085000000, 0x000000008a300000, 0x00000000d7000000)
  object space 84992K, 14% used [0x0000000085000000,0x0000000085bb1af8,0x000000008a300000)
 Metaspace       used 19473K, capacity 19960K, committed 20096K, reserved 1067008K
  class space    used 2472K, capacity 2619K, committed 2688K, reserved 1048576K
Event: 6,018 GC heap after
Heap after GC invocations=6 (full 0):
 PSYoungGen      total 262144K, used 7209K [0x00000000d7000000, 0x00000000e7a00000, 0x0000000100000000)
  eden space 253440K, 0% used [0x00000000d7000000,0x00000000d7000000,0x00000000e6780000)
  from space 8704K, 82% used [0x00000000e7080000,0x00000000e778a5a8,0x00000000e7900000)
  to   space 9216K, 0% used [0x00000000e6780000,0x00000000e6780000,0x00000000e7080000)
 ParOldGen       total 84992K, used 11982K [0x0000000085000000, 0x000000008a300000, 0x00000000d7000000)
  object space 84992K, 14% used [0x0000000085000000,0x0000000085bb3af8,0x000000008a300000)
 Metaspace       used 19473K, capacity 19960K, committed 20096K, reserved 1067008K
  class space    used 2472K, capacity 2619K, committed 2688K, reserved 1048576K
}
Event: 7,984 GC heap before
{Heap before GC invocations=7 (full 0):
 PSYoungGen      total 262144K, used 260649K [0x00000000d7000000, 0x00000000e7a00000, 0x0000000100000000)
  eden space 253440K, 100% used [0x00000000d7000000,0x00000000e6780000,0x00000000e6780000)
  from space 8704K, 82% used [0x00000000e7080000,0x00000000e778a5a8,0x00000000e7900000)
  to   space 9216K, 0% used [0x00000000e6780000,0x00000000e6780000,0x00000000e7080000)
 ParOldGen       total 84992K, used 11982K [0x0000000085000000, 0x000000008a300000, 0x00000000d7000000)
  object space 84992K, 14% used [0x0000000085000000,0x0000000085bb3af8,0x000000008a300000)
 Metaspace       used 19764K, capacity 20300K, committed 20352K, reserved 1067008K
  class space    used 2504K, capacity 2669K, committed 2688K, reserved 1048576K
Event: 7,992 GC heap after
Heap after GC invocations=7 (full 0):
 PSYoungGen      total 262656K, used 3476K [0x00000000d7000000, 0x00000000f7100000, 0x0000000100000000)
  eden space 253440K, 0% used [0x00000000d7000000,0x00000000d7000000,0x00000000e6780000)
  from space 9216K, 37% used [0x00000000e6780000,0x00000000e6ae5030,0x00000000e7080000)
  to   space 9216K, 0% used [0x00000000f6800000,0x00000000f6800000,0x00000000f7100000)
 ParOldGen       total 84992K, used 14663K [0x0000000085000000, 0x000000008a300000, 0x00000000d7000000)
  object space 84992K, 17% used [0x0000000085000000,0x0000000085e51c68,0x000000008a300000)
 Metaspace       used 19764K, capacity 20300K, committed 20352K, reserved 1067008K
  class space    used 2504K, capacity 2669K, committed 2688K, reserved 1048576K
}

